# JRE version: OpenJDK Runtime Environment (11.0.12+7) (build 11.0.12+7-b1504.28-7817840)
# Java VM: OpenJDK 64-Bit Server VM (11.0.12+7-b1504.28-7817840, mixed mode, tiered, compressed oops, g1 gc, windows-amd64)
Heap:
 garbage-first heap   total 485376K, used 250066K [0x0000000080000000, 0x0000000100000000)
  region size 1024K, 49 young (50176K), 11 survivors (11264K)
 Metaspace       used 139888K, capacity 143705K, committed 143768K, reserved 1173504K
  class space    used 17389K, capacity 18821K, committed 18840K, reserved 1048576K
GC Heap History (20 events):
Event: 62.880 GC heap before
{Heap before GC invocations=82 (full 0):
 garbage-first heap   total 348160K, used 212375K [0x0000000080000000, 0x0000000100000000)
  region size 1024K, 69 young (70656K), 3 survivors (3072K)
 Metaspace       used 123865K, capacity 126901K, committed 127128K, reserved 1159168K
  class space    used 15358K, capacity 16446K, committed 16536K, reserved 1048576K
}
Event: 62.887 GC heap after
{Heap after GC invocations=83 (full 0):
 garbage-first heap   total 348160K, used 147395K [0x0000000080000000, 0x0000000100000000)
  region size 1024K, 4 young (4096K), 4 survivors (4096K)
 Metaspace       used 123865K, capacity 126901K, committed 127128K, reserved 1159168K
  class space    used 15358K, capacity 16446K, committed 16536K, reserved 1048576K
}
Event: 63.829 GC heap before
{Heap before GC invocations=83 (full 0):
 garbage-first heap   total 348160K, used 222147K [0x0000000080000000, 0x0000000100000000)
  region size 1024K, 78 young (79872K), 4 survivors (4096K)
 Metaspace       used 125260K, capacity 128337K, committed 128536K, reserved 1161216K
  class space    used 15499K, capacity 16619K, committed 16664K, reserved 1048576K
}
Event: 63.843 GC heap after
{Heap after GC invocations=84 (full 0):
 garbage-first heap   total 485376K, used 151746K [0x0000000080000000, 0x0000000100000000)
  region size 1024K, 8 young (8192K), 8 survivors (8192K)
 Metaspace       used 125260K, capacity 128337K, committed 128536K, reserved 1161216K
  class space    used 15499K, capacity 16619K, committed 16664K, reserved 1048576K
}
Event: 65.321 GC heap before
{Heap before GC invocations=84 (full 0):
 garbage-first heap   total 485376K, used 269506K [0x0000000080000000, 0x0000000100000000)
  region size 1024K, 124 young (126976K), 8 survivors (8192K)
 Metaspace       used 131661K, capacity 134910K, committed 135064K, reserved 1167360K
  class space    used 16346K, capacity 17528K, committed 17560K, reserved 1048576K
}
Event: 65.503 GC heap after
{Heap after GC invocations=85 (full 0):
 garbage-first heap   total 485376K, used 172279K [0x0000000080000000, 0x0000000100000000)
  region size 1024K, 16 young (16384K), 16 survivors (16384K)
 Metaspace       used 131661K, capacity 134910K, committed 135064K, reserved 1167360K
  class space    used 16346K, capacity 17528K, committed 17560K, reserved 1048576K
}
Event: 66.250 GC heap before
{Heap before GC invocations=85 (full 0):
 garbage-first heap   total 485376K, used 303351K [0x0000000080000000, 0x0000000100000000)
  region size 1024K, 145 young (148480K), 16 survivors (16384K)
 Metaspace       used 135564K, capacity 139151K, committed 139288K, reserved 1169408K
  class space    used 17009K, capacity 18343K, committed 18456K, reserved 1048576K
}
Event: 66.286 GC heap after
{Heap after GC invocations=86 (full 0):
 garbage-first heap   total 485376K, used 187046K [0x0000000080000000, 0x0000000100000000)
  region size 1024K, 19 young (19456K), 19 survivors (19456K)
 Metaspace       used 135564K, capacity 139151K, committed 139288K, reserved 1169408K
  class space    used 17009K, capacity 18343K, committed 18456K, reserved 1048576K
}
Event: 67.661 GC heap before
{Heap before GC invocations=86 (full 0):
 garbage-first heap   total 485376K, used 323238K [0x0000000080000000, 0x0000000100000000)
  region size 1024K, 153 young (156672K), 19 survivors (19456K)
 Metaspace       used 139012K, capacity 142717K, committed 143000K, reserved 1173504K
  class space    used 17351K, capacity 18745K, committed 18840K, reserved 1048576K
}
Event: 67.683 GC heap after
{Heap after GC invocations=87 (full 0):
 garbage-first heap   total 485376K, used 190937K [0x0000000080000000, 0x0000000100000000)
  region size 1024K, 3 young (3072K), 3 survivors (3072K)
 Metaspace       used 139012K, capacity 142717K, committed 143000K, reserved 1173504K
  class space    used 17351K, capacity 18745K, committed 18840K, reserved 1048576K
}
Event: 68.108 GC heap before
{Heap before GC invocations=87 (full 0):
 garbage-first heap   total 485376K, used 337369K [0x0000000080000000, 0x0000000100000000)
  region size 1024K, 147 young (150528K), 3 survivors (3072K)
 Metaspace       used 139250K, capacity 142959K, committed 143256K, reserved 1173504K
  class space    used 17359K, capacity 18756K, committed 18840K, reserved 1048576K
}
Event: 68.123 GC heap after
{Heap after GC invocations=88 (full 0):
 garbage-first heap   total 485376K, used 203737K [0x0000000080000000, 0x0000000100000000)
  region size 1024K, 15 young (15360K), 15 survivors (15360K)
 Metaspace       used 139250K, capacity 142959K, committed 143256K, reserved 1173504K
  class space    used 17359K, capacity 18756K, committed 18840K, reserved 1048576K
}
Event: 68.483 GC heap before
{Heap before GC invocations=88 (full 0):
 garbage-first heap   total 485376K, used 362457K [0x0000000080000000, 0x0000000100000000)
  region size 1024K, 170 young (174080K), 15 survivors (15360K)
 Metaspace       used 139610K, capacity 143409K, committed 143512K, reserved 1173504K
  class space    used 17381K, capacity 18812K, committed 18840K, reserved 1048576K
}
Event: 68.502 GC heap after
{Heap after GC invocations=89 (full 0):
 garbage-first heap   total 485376K, used 208594K [0x0000000080000000, 0x0000000100000000)
  region size 1024K, 8 young (8192K), 8 survivors (8192K)
 Metaspace       used 139610K, capacity 143409K, committed 143512K, reserved 1173504K
  class space    used 17381K, capacity 18812K, committed 18840K, reserved 1048576K
}
Event: 68.754 GC heap before
{Heap before GC invocations=89 (full 0):
 garbage-first heap   total 485376K, used 369362K [0x0000000080000000, 0x0000000100000000)
  region size 1024K, 165 young (168960K), 8 survivors (8192K)
 Metaspace       used 139722K, capacity 143554K, committed 143768K, reserved 1173504K
  class space    used 17386K, capacity 18816K, committed 18840K, reserved 1048576K
}
Event: 68.763 GC heap after
{Heap after GC invocations=90 (full 0):
 garbage-first heap   total 485376K, used 208863K [0x0000000080000000, 0x0000000100000000)
  region size 1024K, 8 young (8192K), 8 survivors (8192K)
 Metaspace       used 139722K, capacity 143554K, committed 143768K, reserved 1173504K
  class space    used 17386K, capacity 18816K, committed 18840K, reserved 1048576K
}
Event: 69.346 GC heap before
{Heap before GC invocations=90 (full 0):
 garbage-first heap   total 485376K, used 387039K [0x0000000080000000, 0x0000000100000000)
  region size 1024K, 182 young (186368K), 8 survivors (8192K)
 Metaspace       used 139755K, capacity 143561K, committed 143768K, reserved 1173504K
  class space    used 17387K, capacity 18818K, committed 18840K, reserved 1048576K
}
Event: 69.358 GC heap after
{Heap after GC invocations=91 (full 0):
 garbage-first heap   total 485376K, used 209106K [0x0000000080000000, 0x0000000100000000)
  region size 1024K, 8 young (8192K), 8 survivors (8192K)
 Metaspace       used 139755K, capacity 143561K, committed 143768K, reserved 1173504K
  class space    used 17387K, capacity 18818K, committed 18840K, reserved 1048576K
}
Event: 69.979 GC heap before
{Heap before GC invocations=91 (full 0):
 garbage-first heap   total 485376K, used 398546K [0x0000000080000000, 0x0000000100000000)
  region size 1024K, 193 young (197632K), 8 survivors (8192K)
 Metaspace       used 139803K, capacity 143636K, committed 143768K, reserved 1173504K
  class space    used 17388K, capacity 18820K, committed 18840K, reserved 1048576K
}
Event: 69.992 GC heap after
{Heap after GC invocations=92 (full 0):
 garbage-first heap   total 485376K, used 210511K [0x0000000080000000, 0x0000000100000000)
  region size 1024K, 10 young (10240K), 10 survivors (10240K)
 Metaspace       used 139803K, capacity 143636K, committed 143768K, reserved 1173504K
  class space    used 17388K, capacity 18820K, committed 18840K, reserved 1048576K
}

